<?xml version="1.0" encoding="utf-8"?><testsuites name="pytest tests"><testsuite name="pytest" errors="0" failures="1" skipped="0" tests="7" time="3.200" timestamp="2026-08-11T06:58:21.906176+00:00" hostname="agent-env-501e99a6-ff6b-4d74-b256-56e352d320c1"><testcase classname="tests.test_iteration_11.TestCustomerAggregationFix" name="test_customers_totals_match_history_sum" time="1.019" /><testcase classname="tests.test_iteration_11.TestKasirSettings" name="test_kasir_get_settings" time="1.039" /><testcase classname="tests.test_iteration_11.TestCustomerAggregationFix" name="test_gita_not_inflated" time="0.089" /><testcase classname="tests.test_iteration_11.TestKasirSettings" name="test_kasir_can_save_printer_fields" time="0.949" /><testcase classname="tests.test_iteration_11.TestKasirRiwayat" name="test_kasir_can_list_sales" time="0.904" /><testcase classname="tests.test_iteration_11.TestKasirSettings" name="test_kasir_cannot_change_business_name" time="0.187" /><testcase classname="tests.test_iteration_11.TestOrderSettlePersistence" name="test_new_completed_order_stores_payment_method" time="0.075"><failure message="AssertionError: Need at least one product with stock&#10;assert None">backend/tests/test_iteration_11.py:139: in test_new_completed_order_stores_payment_method
    assert prod, "Need at least one product with stock"
E   AssertionError: Need at least one product with stock
E   assert None</failure></testcase></testsuite></testsuites>