<?xml version="1.0" encoding="utf-8"?><testsuites name="pytest tests"><testsuite name="pytest" errors="0" failures="0" skipped="0" tests="9" time="2.783" timestamp="2026-08-02T09:08:04.379934+00:00" hostname="agent-env-1de4da43-53fc-45d2-8a99-25d984ea560f"><testcase classname="tests.test_new_features.TestCustomers" name="test_create_customer_and_list" time="0.818" /><testcase classname="tests.test_new_features.TestSuppliers" name="test_crud" time="1.063" /><testcase classname="tests.test_new_features.TestCustomers" name="test_update_customer" time="0.109" /><testcase classname="tests.test_new_features.TestCustomers" name="test_sale_with_customer_adds_points" time="0.301" /><testcase classname="tests.test_new_features.TestPurchases" name="test_create_po_and_receive" time="0.480" /><testcase classname="tests.test_new_features.TestCustomers" name="test_customer_history" time="0.048" /><testcase classname="tests.test_new_features.TestHeldOrders" name="test_hold_and_delete" time="0.181" /><testcase classname="tests.test_new_features.TestProductCostOptional" name="test_create_without_cost" time="0.139" /><testcase classname="tests.test_new_features.TestCustomOrders" name="test_create_and_complete_order" time="0.475" /></testsuite></testsuites>