<?xml version="1.0" encoding="utf-8"?><testsuites name="pytest tests"><testsuite name="pytest" errors="0" failures="0" skipped="0" tests="20" time="6.041" timestamp="2026-08-01T16:11:03.957032+00:00" hostname="agent-env-1de4da43-53fc-45d2-8a99-25d984ea560f"><testcase classname="tests.backend_test.TestAuth" name="test_login_invalid" time="0.383" /><testcase classname="tests.backend_test.TestAuth" name="test_me" time="1.483" /><testcase classname="tests.backend_test.TestAuth" name="test_me_no_token" time="0.221" /><testcase classname="tests.backend_test.TestRBAC" name="test_kasir_cannot_list_users" time="2.708" /><testcase classname="tests.backend_test.TestInventory" name="test_stock_masuk" time="0.574" /><testcase classname="tests.backend_test.TestInventory" name="test_stock_opname" time="0.107" /><testcase classname="tests.backend_test.TestRBAC" name="test_kasir_cannot_view_reports" time="0.048" /><testcase classname="tests.backend_test.TestRBAC" name="test_kasir_cannot_create_product" time="0.047" /><testcase classname="tests.backend_test.TestInventory" name="test_movements_history" time="0.076" /><testcase classname="tests.backend_test.TestRBAC" name="test_kasir_cannot_refund" time="0.225" /><testcase classname="tests.backend_test.TestProducts" name="test_create_and_persist" time="0.114" /><testcase classname="tests.backend_test.TestProducts" name="test_update_product" time="0.114" /><testcase classname="tests.backend_test.TestRBAC" name="test_kasir_can_access_dashboard_and_sales" time="0.162" /><testcase classname="tests.backend_test.TestDashboard" name="test_dashboard" time="0.063" /><testcase classname="tests.backend_test.TestDashboard" name="test_reports_sales" time="0.058" /><testcase classname="tests.backend_test.TestCategories" name="test_crud" time="0.226" /><testcase classname="tests.backend_test.TestSales" name="test_sale_flow_decrements_stock_and_refund" time="0.467" /><testcase classname="tests.backend_test.TestSettings" name="test_update_and_persist" time="0.183" /><testcase classname="tests.backend_test.TestSales" name="test_empty_cart_rejected" time="0.051" /><testcase classname="tests.backend_test.TestUsers" name="test_owner_list_users" time="0.055" /></testsuite></testsuites>